2020-08-13 21:35:57,882 INFO HomeTask3 [main] Initializing webdriver...
2020-08-13 21:36:36,854 INFO HomeTask3 [main] Initializing webdriver...
2020-08-13 21:37:57,681 INFO HomeTask3 [main] Closing driver...
2020-08-13 21:38:09,555 INFO HomeTask3 [main] Initializing webdriver...
2020-08-13 21:38:23,393 INFO HomeTask3 [main] Closing driver...
2020-08-13 21:38:46,127 INFO HomeTask3 [main] Initializing webdriver...
2020-08-13 21:38:59,913 INFO HomeTask3 [main] Closing driver...
2020-08-13 21:39:18,747 INFO HomeTask3 [main] Initializing webdriver...
2020-08-13 21:39:37,415 INFO HomeTask3 [main] Closing driver...
2020-08-14 17:41:17,159 INFO HomeTask3 [main] Initializing webdriver...
2020-08-14 17:41:20,644 INFO HomeTask3 [main] Driver initialized...
2020-08-14 17:41:20,661 INFO HomeTask3 [main] Opening target page
2020-08-14 17:41:22,743 INFO HomeTask3 [main] Target page opened
2020-08-14 17:41:22,889 INFO HomeTask3 [main] Closing driver...
2020-08-14 17:41:22,954 INFO HomeTask3 [main] Driver closed...
2020-08-27 18:26:39,707 INFO HomeTask3 [main] Initializing webdriver...
2020-08-27 18:26:43,201 INFO HomeTask3 [main] Driver initialized...
2020-08-27 18:26:43,216 INFO HomeTask3 [main] Opening target page
2020-08-27 18:26:45,983 INFO HomeTask3 [main] Target page opened
2020-08-27 18:26:52,430 INFO HomeTask3 [main] Closing driver...
2020-08-27 18:26:52,487 INFO HomeTask3 [main] Driver closed...
2020-08-27 18:31:10,284 INFO HomeTask3 [main] Initializing webdriver...
2020-08-27 18:31:13,558 INFO HomeTask3 [main] Driver initialized...
2020-08-27 18:31:13,572 INFO HomeTask3 [main] Opening target page
2020-08-27 18:31:14,049 INFO HomeTask3 [main] Target page opened
2020-08-27 18:31:17,161 INFO HomeTask3 [main] Closing driver...
2020-08-27 18:31:17,203 INFO HomeTask3 [main] Driver closed...
2020-08-27 18:31:49,049 INFO HomeTask3 [main] Initializing webdriver...
2020-08-27 18:31:52,338 INFO HomeTask3 [main] Driver initialized...
2020-08-27 18:31:52,353 INFO HomeTask3 [main] Opening target page
2020-08-27 18:31:52,850 INFO HomeTask3 [main] Target page opened
2020-08-27 18:32:08,241 INFO HomeTask3 [main] Closing driver...
2020-08-27 18:32:08,290 INFO HomeTask3 [main] Driver closed...
2020-09-09 10:32:07,925 INFO HomeTask3 [main] Initializing webdriver...
2020-09-09 10:32:11,328 INFO HomeTask3 [main] Driver initialized...
2020-09-09 10:32:11,342 INFO HomeTask3 [main] Opening target page
2020-09-09 10:32:13,421 INFO HomeTask3 [main] Target page opened
2020-09-09 10:32:21,703 INFO HomeTask3 [main] Closing driver...
2020-09-09 10:32:26,019 INFO HomeTask3 [main] Driver closed...
2020-09-10 10:40:09,637 INFO HomeTask3 [main] Initializing webdriver...
2020-09-10 10:40:13,029 INFO HomeTask3 [main] Driver initialized...
2020-09-10 10:40:13,044 INFO HomeTask3 [main] Opening target page
2020-09-10 10:40:16,707 INFO HomeTask3 [main] Target page opened
2020-09-10 10:40:21,380 INFO HomeTask3 [main] Closing driver...
2020-09-10 10:40:25,691 INFO HomeTask3 [main] Driver closed...
2020-09-10 10:42:42,637 INFO HomeTask3 [main] Initializing webdriver...
2020-09-10 10:42:45,963 INFO HomeTask3 [main] Driver initialized...
2020-09-10 10:42:45,978 INFO HomeTask3 [main] Opening target page
2020-09-10 10:42:46,475 INFO HomeTask3 [main] Target page opened
2020-09-10 10:42:56,840 INFO HomeTask3 [main] Closing driver...
2020-09-10 10:42:56,895 INFO HomeTask3 [main] Driver closed...
2020-09-10 10:43:36,841 INFO HomeTask3 [main] Initializing webdriver...
2020-09-10 10:43:40,166 INFO HomeTask3 [main] Driver initialized...
2020-09-10 10:43:40,181 INFO HomeTask3 [main] Opening target page
2020-09-10 10:43:40,693 INFO HomeTask3 [main] Target page opened
2020-09-10 10:44:14,741 INFO HomeTask3 [main] Closing driver...
2020-09-10 10:44:19,053 INFO HomeTask3 [main] Driver closed...
2020-09-10 10:45:28,261 INFO HomeTask3 [main] Initializing webdriver...
2020-09-10 10:45:31,592 INFO HomeTask3 [main] Driver initialized...
2020-09-10 10:45:31,607 INFO HomeTask3 [main] Opening target page
2020-09-10 10:45:35,313 INFO HomeTask3 [main] Target page opened
2020-09-10 10:45:44,669 INFO HomeTask3 [main] Closing driver...
2020-09-10 10:45:44,718 INFO HomeTask3 [main] Driver closed...
2020-09-10 16:43:08,753 INFO HomeTask3 [main] Initializing webdriver...
2020-09-10 16:43:12,097 INFO HomeTask3 [main] Driver initialized...
2020-09-10 16:43:12,112 INFO HomeTask3 [main] Opening target page
2020-09-10 16:43:15,466 INFO HomeTask3 [main] Target page opened
2020-09-10 16:43:16,520 INFO HomeTask3 [main] Closing driver...
2020-09-10 16:43:16,576 INFO HomeTask3 [main] Driver closed...
2020-09-10 17:30:48,074 INFO HomeTask3 [main] Initializing webdriver...
2020-09-10 17:30:51,425 INFO HomeTask3 [main] Driver initialized...
2020-09-10 17:30:51,439 INFO HomeTask3 [main] Opening target page
2020-09-10 17:30:52,014 INFO HomeTask3 [main] Target page opened
2020-09-10 17:31:15,812 INFO HomeTask3 [main] Closing driver...
2020-09-10 17:31:15,864 INFO HomeTask3 [main] Driver closed...
2020-09-10 17:32:04,278 INFO HomeTask3 [main] Initializing webdriver...
2020-09-10 17:32:07,610 INFO HomeTask3 [main] Driver initialized...
2020-09-10 17:32:07,625 INFO HomeTask3 [main] Opening target page
2020-09-10 17:32:08,134 INFO HomeTask3 [main] Target page opened
2020-09-10 17:32:18,404 INFO HomeTask3 [main] Closing driver...
2020-09-10 17:32:22,718 INFO HomeTask3 [main] Driver closed...
2020-09-10 17:34:10,786 INFO HomeTask3 [main] Initializing webdriver...
2020-09-10 17:34:14,127 INFO HomeTask3 [main] Driver initialized...
2020-09-10 17:34:14,142 INFO HomeTask3 [main] Opening target page
2020-09-10 17:34:14,674 INFO HomeTask3 [main] Target page opened
2020-09-10 17:34:26,640 INFO HomeTask3 [main] Closing driver...
2020-09-10 17:34:30,953 INFO HomeTask3 [main] Driver closed...
2020-09-10 17:36:13,687 INFO HomeTask3 [main] Initializing webdriver...
2020-09-10 17:36:17,039 INFO HomeTask3 [main] Driver initialized...
2020-09-10 17:36:17,053 INFO HomeTask3 [main] Opening target page
2020-09-10 17:36:19,423 INFO HomeTask3 [main] Target page opened
2020-09-10 17:36:41,851 INFO HomeTask3 [main] Closing driver...
2020-09-10 17:36:41,906 INFO HomeTask3 [main] Driver closed...
2020-09-10 17:37:22,855 INFO HomeTask3 [main] Initializing webdriver...
2020-09-10 17:37:26,184 INFO HomeTask3 [main] Driver initialized...
2020-09-10 17:37:26,200 INFO HomeTask3 [main] Opening target page
2020-09-10 17:37:26,718 INFO HomeTask3 [main] Target page opened
2020-09-10 17:38:06,523 INFO HomeTask3 [main] Closing driver...
2020-09-10 17:38:10,852 INFO HomeTask3 [main] Driver closed...
2020-09-10 17:39:04,451 INFO HomeTask3 [main] Initializing webdriver...
2020-09-10 17:39:07,798 INFO HomeTask3 [main] Driver initialized...
2020-09-10 17:39:07,813 INFO HomeTask3 [main] Opening target page
2020-09-10 17:39:08,300 INFO HomeTask3 [main] Target page opened
2020-09-10 17:39:24,915 INFO HomeTask3 [main] Closing driver...
2020-09-10 17:39:29,238 INFO HomeTask3 [main] Driver closed...
2020-09-10 17:41:19,786 INFO HomeTask3 [main] Initializing webdriver...
2020-09-10 17:41:23,117 INFO HomeTask3 [main] Driver initialized...
2020-09-10 17:41:23,131 INFO HomeTask3 [main] Opening target page
2020-09-10 17:41:23,649 INFO HomeTask3 [main] Target page opened
2020-09-10 17:41:44,384 INFO HomeTask3 [main] Closing driver...
2020-09-10 17:41:44,384 INFO HomeTask3 [main] Driver closed...
2020-09-10 17:49:10,421 INFO HomeTask3 [main] Initializing webdriver...
2020-09-10 17:49:13,769 INFO HomeTask3 [main] Driver initialized...
2020-09-10 17:49:13,784 INFO HomeTask3 [main] Opening target page
2020-09-10 17:49:17,248 INFO HomeTask3 [main] Target page opened
2020-09-10 17:49:28,045 INFO HomeTask3 [main] Closing driver...
2020-09-10 17:49:28,046 INFO HomeTask3 [main] Driver closed...
2020-09-10 17:49:35,169 INFO HomeTask3 [main] Initializing webdriver...
2020-09-10 17:49:38,509 INFO HomeTask3 [main] Driver initialized...
2020-09-10 17:49:38,524 INFO HomeTask3 [main] Opening target page
2020-09-10 17:49:39,025 INFO HomeTask3 [main] Target page opened
2020-09-10 17:49:55,657 INFO HomeTask3 [main] Closing driver...
2020-09-10 17:49:55,657 INFO HomeTask3 [main] Driver closed...
2020-09-10 17:50:24,453 INFO HomeTask3 [main] Initializing webdriver...
2020-09-10 17:50:27,790 INFO HomeTask3 [main] Driver initialized...
2020-09-10 17:50:27,805 INFO HomeTask3 [main] Opening target page
2020-09-10 17:50:28,313 INFO HomeTask3 [main] Target page opened
2020-09-10 17:50:42,199 INFO HomeTask3 [main] Closing driver...
2020-09-10 17:50:42,199 INFO HomeTask3 [main] Driver closed...
2020-09-10 17:51:55,156 INFO HomeTask3 [main] Initializing webdriver...
2020-09-10 17:51:58,502 INFO HomeTask3 [main] Driver initialized...
2020-09-10 17:51:58,516 INFO HomeTask3 [main] Opening target page
2020-09-10 17:51:59,441 INFO HomeTask3 [main] Target page opened
2020-09-10 17:53:02,190 INFO HomeTask3 [main] Closing driver...
2020-09-10 17:53:02,191 INFO HomeTask3 [main] Driver closed...
2020-09-10 17:53:18,853 INFO HomeTask3 [main] Initializing webdriver...
2020-09-10 17:53:22,187 INFO HomeTask3 [main] Driver initialized...
2020-09-10 17:53:22,201 INFO HomeTask3 [main] Opening target page
2020-09-10 17:53:22,700 INFO HomeTask3 [main] Target page opened
2020-09-10 17:53:41,671 INFO HomeTask3 [main] Closing driver...
2020-09-10 17:53:41,671 INFO HomeTask3 [main] Driver closed...
2020-09-10 17:54:15,705 INFO HomeTask3 [main] Initializing webdriver...
2020-09-10 17:54:19,054 INFO HomeTask3 [main] Driver initialized...
2020-09-10 17:54:19,068 INFO HomeTask3 [main] Opening target page
2020-09-10 17:54:20,153 INFO HomeTask3 [main] Target page opened
2020-09-10 17:55:30,831 INFO HomeTask3 [main] Initializing webdriver...
2020-09-10 17:55:34,160 INFO HomeTask3 [main] Driver initialized...
2020-09-10 17:55:34,174 INFO HomeTask3 [main] Opening target page
2020-09-10 17:55:34,673 INFO HomeTask3 [main] Target page opened
2020-09-10 17:56:16,181 INFO HomeTask3 [main] Initializing webdriver...
2020-09-10 17:56:19,467 INFO HomeTask3 [main] Driver initialized...
2020-09-10 17:56:19,481 INFO HomeTask3 [main] Opening target page
2020-09-10 17:56:19,985 INFO HomeTask3 [main] Target page opened
2020-09-10 17:56:44,327 INFO HomeTask3 [main] Closing driver...
2020-09-10 17:56:44,327 INFO HomeTask3 [main] Driver closed...
2020-09-10 17:59:07,362 INFO HomeTask3 [main] Initializing webdriver...
2020-09-10 17:59:10,707 INFO HomeTask3 [main] Driver initialized...
2020-09-10 17:59:10,722 INFO HomeTask3 [main] Opening target page
2020-09-10 17:59:11,228 INFO HomeTask3 [main] Target page opened
2020-09-10 17:59:35,830 INFO HomeTask3 [main] Closing driver...
2020-09-10 17:59:40,145 INFO HomeTask3 [main] Driver closed...
2020-09-10 17:59:56,602 INFO HomeTask3 [main] Initializing webdriver...
2020-09-10 17:59:59,943 INFO HomeTask3 [main] Driver initialized...
2020-09-10 17:59:59,957 INFO HomeTask3 [main] Opening target page
2020-09-10 18:00:00,458 INFO HomeTask3 [main] Target page opened
2020-09-10 18:00:11,050 INFO HomeTask3 [main] Closing driver...
2020-09-10 18:00:11,108 INFO HomeTask3 [main] Driver closed...
2020-09-10 18:00:28,747 INFO HomeTask3 [main] Initializing webdriver...
2020-09-10 18:00:32,086 INFO HomeTask3 [main] Driver initialized...
2020-09-10 18:00:32,100 INFO HomeTask3 [main] Opening target page
2020-09-10 18:00:32,621 INFO HomeTask3 [main] Target page opened
2020-09-10 18:00:58,179 INFO HomeTask3 [main] Closing driver...
2020-09-10 18:01:02,489 INFO HomeTask3 [main] Driver closed...
2020-09-10 18:02:02,733 INFO HomeTask3 [main] Initializing webdriver...
2020-09-10 18:02:06,073 INFO HomeTask3 [main] Driver initialized...
2020-09-10 18:02:06,087 INFO HomeTask3 [main] Opening target page
2020-09-10 18:02:06,799 INFO HomeTask3 [main] Target page opened
2020-09-10 18:02:32,681 INFO HomeTask3 [main] Closing driver...
2020-09-10 18:02:32,725 INFO HomeTask3 [main] Driver closed...
